vision-quickstart/app/build/outputs/mapping/proguard/seeds.txt
com.google.mlkit.vision.LivePreviewActivity: LivePreviewActivity()
com.google.mlkit.vision.common.internal.MobileVisionBase: void close()
com.google.mlkit.vision.common.internal.VisionCommonRegistrar
com.google.mlkit.vision.common.internal.MobileVisionBase
com.google.mlkit.vision.face.internal.FaceRegistrar
com.google.mlkit.vision.facedetector.utils.GraphicOverlay: int getImageHeight()
com.google.mlkit.vision.facedetector.utils.GraphicOverlay: GraphicOverlay(android.content.Context,android.util.AttributeSet)
com.google.mlkit.vision.facedetector.utils.CameraSourcePreview: CameraSourcePreview(android.content.Context,android.util.AttributeSet)
com.google.mlkit.vision.face.internal.FaceDetectorImpl
com.google.mlkit.vision.common.internal.VisionCommonRegistrar: VisionCommonRegistrar()
com.google.mlkit.vision.face.FaceDetector
com.google.mlkit.vision.facedetector.utils.GraphicOverlay: int getImageWidth()
com.google.mlkit.vision.LivePreviewActivity
com.google.mlkit.vision.face.internal.FaceRegistrar: FaceRegistrar()
com.google.mlkit.vision.facedetector.utils.GraphicOverlay
com.google.mlkit.vision.facedetector.utils.CameraSourcePreview
...
androidx.appcompat.widget.AppCompatTextView: void setBackgroundDrawable(android.graphics.drawable.Drawable)
androidx.appcompat.R$drawable: int abc_vector_test
com.google.android.gms.internal.mlkit_vision_common.zzr$zzbh: java.lang.String zze
androidx.appcompat.R$attr: int showText
androidx.appcompat.R$drawable: int abc_ic_arrow_drop_right_black_24dp
androidx.appcompat.R$styleable: int AppCompatTextView_autoSizeMinTextSize
androidx.constraintlayout.widget.R$styleable: int AppCompatTheme_colorPrimaryDark
com.google.android.gms.internal.mlkit_vision_face.zzbm$zzad: com.google.android.gms.internal.mlkit_vision_face.zzbm$zzbg zzaz
androidx.appcompat.R$layout: int notification_template_part_chronometer
androidx.appcompat.widget.ButtonBarLayout: ButtonBarLayout(android.content.Context,android.util.AttributeSet)
androidx.constraintlayout.widget.R$styleable: int AppCompatTextView_autoSizePresetSizes
com.google.android.gms.internal.mlkit_vision_common.zzr$zzc$zza: com.google.android.gms.internal.mlkit_vision_common.zzep zzl
com.google.android.gms.internal.mlkit_vision_face.zzbm$zzbc: com.google.android.gms.internal.mlkit_vision_face.zzbm$zzbc zzi
androidx.constraintlayout.widget.R$styleable: int ColorStateListItem_android_alpha
androidx.constraintlayout.widget.R$styleable: int AppCompatTheme_panelBackground
androidx.appcompat.resources.R$styleable: int[] AnimatedStateListDrawableCompat
com.google.android.gms.internal.mlkit_vision_common.zzr$zzay: com.google.android.gms.internal.mlkit_vision_common.zzr$zzaw zzd
androidx.appcompat.R$attr: int subtitleTextAppearance
androidx.appcompat.R$style: int Widget_AppCompat_Light_ActionBar
androidx.appcompat.R$styleable: int ActionBar_subtitleTextStyle
androidx.appcompat.widget.ScrollingTabContainerView: void setTabSelected(int)
com.google.android.gms.internal.mlkit_vision_face.zzbm$zzan: int zzd
com.google.android.gms.internal.mlkit_vision_common.zzcc$zza
androidx.appcompat.widget.ActionMenuView: void setPopupTheme(int)
androidx.appcompat.R$style: int Base_Widget_AppCompat_ButtonBar
com.google.android.gms.internal.mlkit_vision_face.zzdx$zzb$zzc: com.google.android.gms.internal.mlkit_vision_face.zzdx$zzb$zzc[] values()
androidx.constraintlayout.widget.R$id: int edit_query
androidx.constraintlayout.solver.widgets.ConstraintWidget$DimensionBehaviour: androidx.constraintlayout.solver.widgets.ConstraintWidget$DimensionBehaviour[] values()
androidx.appcompat.widget.AppCompatButton: void setCustomSelectionActionModeCallback(android.view.ActionMode$Callback)
androidx.constraintlayout.widget.ConstraintLayout
com.google.android.gms.internal.mlkit_vision_face.zzbm$zzak: long zze
com.google.android.gms.internal.clearcut.zzge$zzs: int zzbfa
com.google.android.gms.internal.mlkit_vision_common.zzhv$zzf: com.google.android.gms.internal.mlkit_vision_common.zzgb zzp
androidx.constraintlayout.widget.R$styleable: int AppCompatTheme_alertDialogButtonGroupStyle
com.google.android.gms.internal.mlkit_vision_face.zzbm$zza$zza: boolean zze
com.google.android.gms.internal.mlkit_vision_face.zzjp$zzd: java.lang.String zzd
androidx.appcompat.R$styleable: int[] AlertDialog
androidx.constraintlayout.widget.R$id: int topPanel
com.google.android.gms.internal.mlkit_vision_common.zzr$zzaf: boolean zzh
androidx.appcompat.widget.FitWindowsLinearLayout
androidx.appcompat.R$attr: int subtitle
androidx.constraintlayout.widget.R$styleable: int KeyTimeCycle_android_alpha
androidx.appcompat.R$attr: int tooltipForegroundColor
com.google.android.gms.flags.impl.FlagProviderImpl: void init(com.google.android.gms.dynamic.IObjectWrapper)
com.google.android.gms.internal.mlkit_vision_face.zzbm$zzaw: com.google.android.gms.internal.mlkit_vision_face.zzbm$zzam zzi
androidx.appcompat.widget.ActionBarContextView: void setTitle(java.lang.CharSequence)
androidx.appcompat.R$styleable: int SearchView_iconifiedByDefault
androidx.appcompat.R$drawable: int abc_scrubber_control_off_mtrl_alpha
androidx.appcompat.R$attr: int fontProviderPackage