vision-quickstart/app/build/outputs/mapping/proguard/mapping.txt
# compiler: R8
# compiler_version: 2.0.88
# min_api: 21
# pg_map_id: de4672a
# common_typos_disable
com.google.mlkit.vision.LivePreviewActivity -> com.google.mlkit.vision.LivePreviewActivity:
    com.google.mlkit.vision.facedetector.utils.CameraSourcePreview preview -> u
    com.google.mlkit.vision.facedetector.utils.GraphicOverlay graphicOverlay -> v
    com.google.mlkit.vision.facedetector.utils.CameraSource cameraSource -> t
    boolean allPermissionsGranted() -> F
    void createCameraSource() -> G
    java.lang.String[] getRequiredPermissions() -> H
    void getRuntimePermissions() -> I
    boolean isPermissionGranted(android.content.Context,java.lang.String) -> J
    void startCameraSource() -> K
com.google.mlkit.vision.common.InputImage -> com.google.mlkit.vision.a.a:
    com.google.mlkit.vision.common.InputImage$zza zzc -> c
    android.graphics.Bitmap zza -> a
    int zzf -> f
    int zzg -> g
    int zzd -> d
    int zze -> e
    java.nio.ByteBuffer zzb -> b
    com.google.mlkit.vision.common.InputImage fromByteBuffer(java.nio.ByteBuffer,int,int,int,int) -> a
    android.graphics.Bitmap getBitmapInternal() -> b
    java.nio.ByteBuffer getByteBuffer() -> c
    int getFormat() -> d
    int getHeight() -> e
    android.media.Image$Plane[] getPlanes() -> f
    int getRotationDegrees() -> g
    int getWidth() -> h
com.google.mlkit.vision.common.InputImage$zza -> com.google.mlkit.vision.a.a$a:
    android.media.Image$Plane[] zza() -> a
com.google.mlkit.vision.common.internal.BitmapInStreamingChecker -> com.google.mlkit.vision.common.internal.a:
    com.google.android.gms.common.internal.GmsLogger zza -> c
    long zzc -> b
    java.util.LinkedList zzb -> a
    void check(com.google.mlkit.vision.common.InputImage) -> a
com.google.mlkit.vision.common.internal.CommonConvertUtils -> com.google.mlkit.vision.common.internal.b:
    int convertToAndroidImageFormat(int) -> a
    int convertToMVRotation(int) -> b
com.google.mlkit.vision.common.internal.ImageConvertUtils -> com.google.mlkit.vision.common.internal.c:
    com.google.mlkit.vision.common.internal.ImageConvertUtils zza -> a
    java.nio.ByteBuffer convertToNv21Buffer(com.google.mlkit.vision.common.InputImage,boolean) -> a
    com.google.mlkit.vision.common.internal.ImageConvertUtils getInstance() -> b
    java.nio.ByteBuffer zza(java.nio.ByteBuffer,boolean) -> c
    java.nio.ByteBuffer zza(android.media.Image$Plane[],int,int) -> d
    void zza(android.media.Image$Plane,int,int,byte[],int,int) -> e
com.google.mlkit.vision.common.internal.ImageUtils -> com.google.mlkit.vision.common.internal.d:
    com.google.mlkit.vision.common.internal.ImageUtils zzb -> a
    com.google.mlkit.vision.common.internal.ImageUtils getInstance() -> a
    int getMobileVisionImageFormat(com.google.mlkit.vision.common.InputImage) -> b
    int getMobileVisionImageSize(com.google.mlkit.vision.common.InputImage) -> c
com.google.mlkit.vision.common.internal.MobileVisionBase -> com.google.mlkit.vision.common.internal.MobileVisionBase:
    com.google.mlkit.common.sdkinternal.MLTask zzc -> c
    com.google.android.gms.common.internal.GmsLogger zza -> f
    java.util.concurrent.atomic.AtomicBoolean zzb -> b
    com.google.android.gms.tasks.CancellationTokenSource zzd -> d
    java.util.concurrent.Executor zze -> e
    com.google.android.gms.tasks.Task processBase(com.google.mlkit.vision.common.InputImage) -> f
    java.lang.Object zza() -> g
    java.lang.Object zza(com.google.mlkit.vision.common.InputImage) -> h
    void zza(java.lang.Exception) -> i
com.google.mlkit.vision.common.internal.MultiFlavorDetectorCreator -> com.google.mlkit.vision.common.internal.e:
    java.util.Map zza -> a
com.google.mlkit.vision.common.internal.MultiFlavorDetectorCreator$Registration -> com.google.mlkit.vision.common.internal.e$a:
    com.google.firebase.inject.Provider zzb -> b
    java.lang.Class zza -> a
    int zzc -> c
    java.lang.Class zza() -> a
    com.google.firebase.inject.Provider zzb() -> b
    int zzc() -> c
...
com.google.android.gms.vision.face.internal.client.zzf -> com.google.android.gms.vision.face.internal.client.f:
    float proportionalMinFaceSize -> g
    boolean zzcv -> e
    boolean trackingEnabled -> f
    int zzcw -> d
    int mode -> b
    int landmarkType -> c
com.google.android.gms.vision.face.internal.client.zzg -> com.google.android.gms.vision.face.internal.client.g:
    boolean zza(int,android.os.Parcel,android.os.Parcel,int) -> I
com.google.android.gms.vision.face.internal.client.zzh -> com.google.android.gms.vision.face.internal.client.h:
    boolean zzd(int) -> d
    com.google.android.gms.vision.face.internal.client.FaceParcel[] zza(com.google.android.gms.dynamic.IObjectWrapper,com.google.android.gms.dynamic.IObjectWrapper,com.google.android.gms.dynamic.IObjectWrapper,int,int,int,int,int,int,com.google.android.gms.internal.vision.zzu) -> l
    void zzo() -> s
    com.google.android.gms.vision.face.internal.client.FaceParcel[] zzc(com.google.android.gms.dynamic.IObjectWrapper,com.google.android.gms.internal.vision.zzu) -> w
com.google.android.gms.vision.face.internal.client.zzi -> com.google.android.gms.vision.face.internal.client.i:
com.google.android.gms.vision.face.internal.client.zzj -> com.google.android.gms.vision.face.internal.client.j:
    boolean zzd(int) -> d
    com.google.android.gms.vision.face.internal.client.FaceParcel[] zza(com.google.android.gms.dynamic.IObjectWrapper,com.google.android.gms.dynamic.IObjectWrapper,com.google.android.gms.dynamic.IObjectWrapper,int,int,int,int,int,int,com.google.android.gms.internal.vision.zzu) -> l
    void zzo() -> s
    com.google.android.gms.vision.face.internal.client.FaceParcel[] zzc(com.google.android.gms.dynamic.IObjectWrapper,com.google.android.gms.internal.vision.zzu) -> w
com.google.android.gms.vision.face.internal.client.zzk -> com.google.android.gms.vision.face.internal.client.k:
com.google.android.gms.vision.face.internal.client.zzl -> com.google.android.gms.vision.face.internal.client.l:
    boolean zza(int,android.os.Parcel,android.os.Parcel,int) -> I
com.google.android.gms.vision.face.internal.client.zzm -> com.google.android.gms.vision.face.internal.client.m:
com.google.android.gms.vision.face.zza -> com.google.android.gms.vision.face.e:
com.google.android.gms.vision.zzb -> b.a.a.a.j.d:
com.google.android.gms.vision.zzc -> b.a.a.a.j.e:
    android.util.SparseIntArray zzbb -> a
    android.util.SparseIntArray zzbc -> b
    java.lang.Object lock -> c
    int zzba -> d
    int zzb(int) -> a
com.google.common.base.Preconditions -> b.a.b.a.a:
    void checkState(boolean,java.lang.Object) -> a
com.google.common.util.concurrent.ListenableFuture -> b.a.b.b.a.a:
com.google.firebase.components.AbstractComponentContainer -> b.a.c.a.a:
    java.lang.Object get(java.lang.Class) -> a
    java.util.Set setOf(java.lang.Class) -> c
com.google.firebase.components.Component -> b.a.c.a.c:
    com.google.firebase.components.ComponentFactory factory -> e
    java.util.Set publishedEvents -> f
    java.util.Set providedInterfaces -> a
    int type -> d
    java.util.Set dependencies -> b
    int instantiation -> c
    com.google.firebase.components.Component$Builder builder(java.lang.Class) -> a
    com.google.firebase.components.Component$Builder builder(java.lang.Class,java.lang.Class[]) -> b
    java.util.Set getDependencies() -> c
    com.google.firebase.components.ComponentFactory getFactory() -> d
    java.util.Set getProvidedInterfaces() -> e
    java.util.Set getPublishedEvents() -> f
    boolean isAlwaysEager() -> g
    boolean isEagerInDefaultApp() -> h
    boolean isValue() -> i
    java.lang.Object lambda$of$1(java.lang.Object,com.google.firebase.components.ComponentContainer) -> j
    com.google.firebase.components.Component of(java.lang.Object,java.lang.Class,java.lang.Class[]) -> k