vision-quickstart/app/build/outputs/mapping/proguard/usage.txt
com.google.mlkit.vision.common.internal.MultiFlavorDetectorCreator$Registration:
    public void <init>(java.lang.Class,com.google.firebase.inject.Provider)
    public void <init>(java.lang.Class,com.google.firebase.inject.Provider,int)
com.google.mlkit.vision.facedetector.utils.CameraSource:
    public synchronized com.google.mlkit.vision.facedetector.utils.CameraSource start(android.view.SurfaceHolder)
    public static final int CAMERA_FACING_BACK
    public static final int CAMERA_FACING_FRONT
    public static final int IMAGE_FORMAT
    public static final int DEFAULT_REQUESTED_CAMERA_PREVIEW_WIDTH
    public static final int DEFAULT_REQUESTED_CAMERA_PREVIEW_HEIGHT
    private static final java.lang.String TAG
    private static final int DUMMY_TEXTURE_NAME
    private static final float ASPECT_RATIO_TOLERANCE
    private static final float REQUESTED_FPS
    private static final boolean REQUESTED_AUTO_FOCUS
com.google.mlkit.vision.R$bool
com.google.mlkit.vision.R$attr
com.google.mlkit.vision.face.FaceDetectorOptions$Builder:
    public com.google.mlkit.vision.face.FaceDetectorOptions$Builder setLandmarkMode(int)
    public com.google.mlkit.vision.face.FaceDetectorOptions$Builder setContourMode(int)
    public com.google.mlkit.vision.face.FaceDetectorOptions$Builder setMinFaceSize(float)
    public com.google.mlkit.vision.face.FaceDetectorOptions$Builder setExecutor(java.util.concurrent.Executor)
com.google.mlkit.vision.LivePreviewActivity:
    private static final java.lang.String TAG
    private static final int PERMISSION_REQUESTS
com.google.mlkit.vision.face.bundled.R
com.google.mlkit.vision.face.FaceDetection:
    public static com.google.mlkit.vision.face.FaceDetector getClient()
    private void <init>()
com.google.mlkit.vision.facedetector.utils.FaceDetectorProcessor:
    public void <init>(android.content.Context)
    private static final java.lang.String TAG
com.google.mlkit.vision.R$dimen
com.google.mlkit.vision.face.FaceDetectorOptions$ContourMode
com.google.mlkit.vision.face.FaceDetectorOptions$LandmarkMode
com.google.mlkit.vision.BuildConfig
com.google.mlkit.vision.R$mipmap
com.google.mlkit.vision.face.Face:
    public java.util.List getAllLandmarks()
    public java.util.List getAllContours()
com.google.mlkit.vision.common.R
com.google.mlkit.vision.face.FaceLandmark$LandmarkType
com.google.mlkit.vision.facedetector.utils.CameraSourcePreview:
    public void release()
    private static final java.lang.String TAG
com.google.mlkit.vision.R$id
com.google.mlkit.vision.facedetector.utils.CameraSource$SizePair:
    public void <init>(com.google.android.gms.common.images.Size,com.google.android.gms.common.images.Size)
com.google.mlkit.vision.common.internal.zze
com.google.mlkit.vision.common.internal.MultiFlavorDetectorCreator$DetectorCreator
com.google.mlkit.vision.common.InputImage:
    public static com.google.mlkit.vision.common.InputImage fromByteArray(byte[],int,int,int,int)
    public static com.google.mlkit.vision.common.InputImage fromBitmap(android.graphics.Bitmap,int)
    public static com.google.mlkit.vision.common.InputImage fromMediaImage(android.media.Image,int)
    public static com.google.mlkit.vision.common.InputImage fromFilePath(android.content.Context,android.net.Uri)
    private void <init>(android.media.Image$Plane[],int,int,int)
    private void <init>(byte[],int,int,int,int)
    private void <init>(android.graphics.Bitmap,int)
    public static final int IMAGE_FORMAT_NV21
    public static final int IMAGE_FORMAT_YV12
    public static final int IMAGE_FORMAT_BITMAP
    public static final int IMAGE_FORMAT_YUV_420_888
com.google.mlkit.vision.common.InputImage$ImageFormat
...
com.google.android.gms.internal.mlkit_common.zzav$zzt$zza
com.google.android.gms.common.api.internal.zabs
androidx.constraintlayout.widget.Constraints:
    public void <init>(android.content.Context)
    public void <init>(android.content.Context,android.util.AttributeSet)
    public void <init>(android.content.Context,android.util.AttributeSet,int)
    private void init(android.util.AttributeSet)
    public static final java.lang.String TAG
com.google.auto.value.extension.memoized.Memoized
com.google.common.collect.Count
com.google.android.gms.internal.mlkit_vision_common.zzcz:
    public abstract com.google.android.gms.internal.mlkit_vision_common.zzcz zzb()
    public synthetic java.lang.Object clone()
kotlin.text.StringsKt__RegexExtensionsJVMKt
com.google.android.gms.common.api.internal.zabb
com.google.common.collect.ImmutableList$1
com.google.android.gms.common.server.converter.zac
com.google.common.collect.FilteredEntryMultimap$AsMap$1EntrySetImpl
com.google.android.gms.internal.vision.zzak
com.google.android.gms.internal.mlkit_common.zzav$zzbc$zzb
com.google.gson.FieldNamingStrategy
androidx.constraintlayout.widget.R$layout
androidx.fragment.app.ListFragment$2
kotlin.jvm.internal.markers.KMappedMarker
com.google.common.util.concurrent.ImmediateFuture$ImmediateCancelledFuture
com.google.android.gms.internal.clearcut.zzge$zzg$zza
kotlin.collections.ReversedList
com.google.android.gms.internal.mlkit_common.zzv
androidx.appcompat.app.AppCompatDialogFragment
kotlin.ranges.LongProgression
com.google.common.base.AbstractIterator$1
androidx.core.net.TrafficStatsCompat
com.google.common.collect.Tables$UnmodifiableTable
com.google.android.gms.dynamic.zaf
androidx.core.view.ViewCompat$AccessibilityViewProperty:
    void set(android.view.View,java.lang.Object)
    boolean shouldUpdate(java.lang.Object,java.lang.Object)
    abstract void frameworkSet(android.view.View,java.lang.Object)
    boolean booleanNullToFalseEquals(java.lang.Boolean,java.lang.Boolean)
kotlin.text.StringsKt
kotlin.text.StringsKt___StringsKt$withIndex$1
com.google.android.gms.internal.mlkit_common.zze
com.google.common.collect.SortedIterable
androidx.activity.ImmLeaksCleaner:
    private static final int NOT_INITIALIAZED
    private static final int INIT_SUCCESS
    private static final int INIT_FAILED
com.google.common.collect.ForwardingSet
androidx.appcompat.widget.ScrollingTabContainerView$TabView:
    private static final java.lang.String ACCESSIBILITY_CLASS_NAME
androidx.core.app.NotificationCompat$Action$Extender
com.google.common.collect.ImmutableMultimap$1
com.google.android.gms.common.api.internal.PendingResultFacade
com.google.common.collect.Multisets
com.google.common.primitives.ImmutableDoubleArray$Builder
com.google.gson.internal.bind.TypeAdapters$35$1
androidx.camera.camera2.Camera2Config:
    private void <init>()
kotlin.jvm.functions.Function5
com.google.android.gms.internal.mlkit_common.zzav$zzba
com.google.common.hash.AbstractByteHasher
com.google.android.gms.common.server.response.zah
com.google.android.gms.internal.clearcut.zzge$zzc$zza
com.google.common.io.AppendableWriter
androidx.camera.core.ProcessingSurface$1
androidx.appcompat.widget.FitWindowsFrameLayout:
    public void <init>(android.content.Context)
com.google.common.collect.Maps
kotlin.KotlinVersion
kotlin.Result
com.google.android.gms.internal.mlkit_common.zzav$zzx$zza
androidx.appcompat.widget.SwitchCompat
androidx.appcompat.view.StandaloneActionMode:
    public void onCloseMenu(androidx.appcompat.view.menu.MenuBuilder,boolean)
    public boolean onSubMenuSelected(androidx.appcompat.view.menu.SubMenuBuilder)
    public void onCloseSubMenu(androidx.appcompat.view.menu.SubMenuBuilder)
    public boolean isUiFocusable()
com.google.gson.internal.bind.TypeAdapters$19
androidx.core.os.MessageCompat
com.google.common.collect.Synchronized$SynchronizedMultiset
com.google.gson.internal.bind.TimeTypeAdapter$1
androidx.camera.core.impl.CaptureConfig